<?xml version="1.0" encoding="UTF-8"?>
<testsuite xmlns:xsi="http://www.w3.org/2001/XMLSchema-instance" xsi:noNamespaceSchemaLocation="https://maven.apache.org/surefire/maven-surefire-plugin/xsd/surefire-test-report.xsd" name="com.ace.cache.test.unit.UserServiceTest" time="7.912" tests="6" errors="0" skipped="0" failures="0">
  <properties>
[...]
</properties>
  <testcase name="testSave" classname="com.ace.cache.test.unit.UserServiceTest" time="2.053"/>
  <testcase name="testGetList" classname="com.ace.cache.test.unit.UserServiceTest" time="0.203"/>
  <testcase name="testGetUser" classname="com.ace.cache.test.unit.UserServiceTest" time="0.074"/>
  <testcase name="testByKeyGenerator" classname="com.ace.cache.test.unit.UserServiceTest" time="0.075"/>
  <testcase name="testGetMap" classname="com.ace.cache.test.unit.UserServiceTest" time="0.077"/>
  <testcase name="testGetSet" classname="com.ace.cache.test.unit.UserServiceTest" time="0.077"/>
</testsuite>